\BOOKMARK [0][-]{chapter.1}{\376\377\000N\000a\000m\000e\000s\000p\000a\000c\000e\000\040\000I\000n\000d\000e\000x}{}% 1
\BOOKMARK [1][-]{section.1.1}{\376\377\000P\000a\000c\000k\000a\000g\000e\000\040\000L\000i\000s\000t}{chapter.1}% 2
\BOOKMARK [0][-]{chapter.2}{\376\377\000C\000l\000a\000s\000s\000\040\000I\000n\000d\000e\000x}{}% 3
\BOOKMARK [1][-]{section.2.1}{\376\377\000C\000l\000a\000s\000s\000\040\000L\000i\000s\000t}{chapter.2}% 4
\BOOKMARK [0][-]{chapter.3}{\376\377\000N\000a\000m\000e\000s\000p\000a\000c\000e\000\040\000D\000o\000c\000u\000m\000e\000n\000t\000a\000t\000i\000o\000n}{}% 5
\BOOKMARK [1][-]{section.3.1}{\376\377\000P\000a\000c\000k\000a\000g\000e\000\040\000b\000o\000a\000r\000d}{chapter.3}% 6
\BOOKMARK [2][-]{subsection.3.1.1}{\376\377\000D\000e\000t\000a\000i\000l\000e\000d\000\040\000D\000e\000s\000c\000r\000i\000p\000t\000i\000o\000n}{section.3.1}% 7
\BOOKMARK [1][-]{section.3.2}{\376\377\000P\000a\000c\000k\000a\000g\000e\000\040\000c\000l\000i\000e\000n\000t}{chapter.3}% 8
\BOOKMARK [2][-]{subsection.3.2.1}{\376\377\000D\000e\000t\000a\000i\000l\000e\000d\000\040\000D\000e\000s\000c\000r\000i\000p\000t\000i\000o\000n}{section.3.2}% 9
\BOOKMARK [1][-]{section.3.3}{\376\377\000P\000a\000c\000k\000a\000g\000e\000\040\000g\000a\000m\000e}{chapter.3}% 10
\BOOKMARK [2][-]{subsection.3.3.1}{\376\377\000D\000e\000t\000a\000i\000l\000e\000d\000\040\000D\000e\000s\000c\000r\000i\000p\000t\000i\000o\000n}{section.3.3}% 11
\BOOKMARK [2][-]{subsection.3.3.2}{\376\377\000F\000u\000n\000c\000t\000i\000o\000n\000\040\000D\000o\000c\000u\000m\000e\000n\000t\000a\000t\000i\000o\000n}{section.3.3}% 12
\BOOKMARK [3][-]{subsubsection.3.3.2.1}{\376\377\000i\000n\000t\000e\000r\000v\000a\000l\000E\000x\000e\000c\000u\000t\000e}{subsection.3.3.2}% 13
\BOOKMARK [1][-]{section.3.4}{\376\377\000P\000a\000c\000k\000a\000g\000e\000\040\000m\000a\000t\000c\000h\000m\000a\000k\000e\000r}{chapter.3}% 14
\BOOKMARK [2][-]{subsection.3.4.1}{\376\377\000D\000e\000t\000a\000i\000l\000e\000d\000\040\000D\000e\000s\000c\000r\000i\000p\000t\000i\000o\000n}{section.3.4}% 15
\BOOKMARK [1][-]{section.3.5}{\376\377\000P\000a\000c\000k\000a\000g\000e\000\040\000s\000e\000r\000v\000e\000r}{chapter.3}% 16
\BOOKMARK [2][-]{subsection.3.5.1}{\376\377\000D\000e\000t\000a\000i\000l\000e\000d\000\040\000D\000e\000s\000c\000r\000i\000p\000t\000i\000o\000n}{section.3.5}% 17
\BOOKMARK [1][-]{section.3.6}{\376\377\000b\000o\000a\000r\000d\000.\000b\000o\000a\000r\000d\000\040\000C\000l\000a\000s\000s\000\040\000R\000e\000f\000e\000r\000e\000n\000c\000e}{chapter.3}% 18
\BOOKMARK [2][-]{subsection.3.6.1}{\376\377\000D\000e\000t\000a\000i\000l\000e\000d\000\040\000D\000e\000s\000c\000r\000i\000p\000t\000i\000o\000n}{section.3.6}% 19
\BOOKMARK [2][-]{subsection.3.6.2}{\376\377\000M\000e\000m\000b\000e\000r\000\040\000F\000u\000n\000c\000t\000i\000o\000n\000\040\000D\000o\000c\000u\000m\000e\000n\000t\000a\000t\000i\000o\000n}{section.3.6}% 20
\BOOKMARK [3][-]{subsubsection.3.6.2.1}{\376\377\000c\000a\000n\000M\000o\000v\000e}{subsection.3.6.2}% 21
\BOOKMARK [3][-]{subsubsection.3.6.2.2}{\376\377\000g\000h\000o\000s\000t\000S\000t\000a\000r\000t}{subsection.3.6.2}% 22
\BOOKMARK [3][-]{subsubsection.3.6.2.3}{\376\377\000p\000a\000c\000m\000a\000n\000S\000t\000a\000r\000t}{subsection.3.6.2}% 23
\BOOKMARK [1][-]{section.3.7}{\376\377\000c\000l\000i\000e\000n\000t\000.\000c\000l\000i\000e\000n\000t\000\040\000C\000l\000a\000s\000s\000\040\000R\000e\000f\000e\000r\000e\000n\000c\000e}{chapter.3}% 24
\BOOKMARK [2][-]{subsection.3.7.1}{\376\377\000D\000e\000t\000a\000i\000l\000e\000d\000\040\000D\000e\000s\000c\000r\000i\000p\000t\000i\000o\000n}{section.3.7}% 25
\BOOKMARK [1][-]{section.3.8}{\376\377\000g\000a\000m\000e\000.\000g\000a\000m\000e\000\040\000C\000l\000a\000s\000s\000\040\000R\000e\000f\000e\000r\000e\000n\000c\000e}{chapter.3}% 26
\BOOKMARK [2][-]{subsection.3.8.1}{\376\377\000D\000e\000t\000a\000i\000l\000e\000d\000\040\000D\000e\000s\000c\000r\000i\000p\000t\000i\000o\000n}{section.3.8}% 27
\BOOKMARK [2][-]{subsection.3.8.2}{\376\377\000M\000e\000m\000b\000e\000r\000\040\000F\000u\000n\000c\000t\000i\000o\000n\000\040\000D\000o\000c\000u\000m\000e\000n\000t\000a\000t\000i\000o\000n}{section.3.8}% 28
\BOOKMARK [3][-]{subsubsection.3.8.2.1}{\376\377\000\137\000\137\000i\000n\000i\000t\000\137\000\137}{subsection.3.8.2}% 29
\BOOKMARK [1][-]{section.3.9}{\376\377\000m\000a\000t\000c\000h\000m\000a\000k\000e\000r\000.\000m\000a\000t\000c\000h\000m\000a\000k\000e\000r\000\040\000C\000l\000a\000s\000s\000\040\000R\000e\000f\000e\000r\000e\000n\000c\000e}{chapter.3}% 30
\BOOKMARK [2][-]{subsection.3.9.1}{\376\377\000D\000e\000t\000a\000i\000l\000e\000d\000\040\000D\000e\000s\000c\000r\000i\000p\000t\000i\000o\000n}{section.3.9}% 31
\BOOKMARK [1][-]{section.3.10}{\376\377\000g\000a\000m\000e\000.\000s\000t\000a\000t\000e\000\040\000C\000l\000a\000s\000s\000\040\000R\000e\000f\000e\000r\000e\000n\000c\000e}{chapter.3}% 32
\BOOKMARK [2][-]{subsection.3.10.1}{\376\377\000D\000e\000t\000a\000i\000l\000e\000d\000\040\000D\000e\000s\000c\000r\000i\000p\000t\000i\000o\000n}{section.3.10}% 33
\BOOKMARK [2][-]{subsection.3.10.2}{\376\377\000M\000e\000m\000b\000e\000r\000\040\000F\000u\000n\000c\000t\000i\000o\000n\000\040\000D\000o\000c\000u\000m\000e\000n\000t\000a\000t\000i\000o\000n}{section.3.10}% 34
\BOOKMARK [3][-]{subsubsection.3.10.2.1}{\376\377\000\137\000\137\000i\000n\000i\000t\000\137\000\137}{subsection.3.10.2}% 35
\BOOKMARK [3][-]{subsubsection.3.10.2.2}{\376\377\000c\000h\000a\000n\000g\000e\000T\000y\000p\000e}{subsection.3.10.2}% 36
\BOOKMARK [3][-]{subsubsection.3.10.2.3}{\376\377\000g\000e\000t\000S\000t\000a\000t\000e}{subsection.3.10.2}% 37
\BOOKMARK [3][-]{subsubsection.3.10.2.4}{\376\377\000s\000e\000t\000S\000t\000a\000t\000e}{subsection.3.10.2}% 38
